<?xml version="1.0" encoding="UTF-8"?>
<!-- Generated by org.testng.reporters.JUnitXMLReporter -->
<testsuite hostname="lenovo-t450" ignored="0" name="Rediffmail Form Test Case" tests="2" failures="2" timestamp="2021-07-13T08:47:43 IST" time="20.809" errors="0">
  <testcase name="FillingFormRediffmail" time="9.292" classname="TestCase.formRediffmail">
    <failure type="java.lang.AssertionError" message="Attribute value verification failed for for the attribute called class expected [countr] but found [country]">
      <![CDATA[java.lang.AssertionError: Attribute value verification failed for for the attribute called class expected [countr] but found [country]
at Utilities.Utils.AssertAttributeValue(Utils.java:657)
at TestCase.formRediffmail.FillingFormRediffmail(formRediffmail.java:318)
at java.util.ArrayList.forEach(Unknown Source)
... Removed 32 stack frames]]>
    </failure>
  </testcase> <!-- FillingFormRediffmail -->
  <testcase name="FillingFormRediffmail" time="9.666" classname="TestCase.formRediffmail">
    <failure type="java.lang.AssertionError" message="Attribute value verification failed for for the attribute called class expected [countr] but found [country]">
      <![CDATA[java.lang.AssertionError: Attribute value verification failed for for the attribute called class expected [countr] but found [country]
at Utilities.Utils.AssertAttributeValue(Utils.java:657)
at TestCase.formRediffmail.FillingFormRediffmail(formRediffmail.java:318)
at java.util.ArrayList.forEach(Unknown Source)
... Removed 32 stack frames]]>
    </failure>
  </testcase> <!-- FillingFormRediffmail -->
</testsuite> <!-- Rediffmail Form Test Case -->
