<?xml version="1.0" encoding="UTF-8"?>
<testng-results skipped="0" failed="2" ignored="0" total="4" passed="2">
  <reporter-output>
  </reporter-output>
  <suite name="Assertion Class Suite - Rediffmail" duration-ms="54384" started-at="2021-07-13T11:37:47 IST" finished-at="2021-07-13T11:38:41 IST">
    <groups>
    </groups>
    <test name="Rediffmail Form Test Case" duration-ms="19612" started-at="2021-07-13T11:37:47 IST" finished-at="2021-07-13T11:38:07 IST">
      <class name="TestCase.formRediffmail">
        <test-method status="PASS" signature="FillingFormRediffmail(java.util.Hashtable)[pri:0, instance:TestCase.formRediffmail@77847718]" name="FillingFormRediffmail" duration-ms="8960" started-at="2021-07-13T11:37:47 IST" data-provider="formData" finished-at="2021-07-13T11:37:56 IST">
          <params>
            <param index="0">
              <value>
                <![CDATA[{PNumber=12345, MName=Sukla, RID=kaushikmukherjee2412, FName=Kaushik Mukherjee, Rpwd=test@1234, Pwd=test@1234, SQues=Music, Browser=Chrome}]]>
              </value>
            </param>
          </params>
          <reporter-output>
          </reporter-output>
        </test-method> <!-- FillingFormRediffmail -->
        <test-method status="PASS" signature="tearDown(org.testng.ITestResult)[pri:0, instance:TestCase.formRediffmail@77847718]" name="tearDown" is-config="true" duration-ms="1081" started-at="2021-07-13T11:37:56 IST" finished-at="2021-07-13T11:37:57 IST">
          <params>
            <param index="0">
              <value>
                <![CDATA[[TestResult name=FillingFormRediffmail status=SUCCESS method=formRediffmail.FillingFormRediffmail(java.util.Hashtable)[pri:0, instance:TestCase.formRediffmail@77847718] output={null}]]]>
              </value>
            </param>
          </params>
          <reporter-output>
          </reporter-output>
        </test-method> <!-- tearDown -->
        <test-method status="PASS" signature="FillingFormRediffmail(java.util.Hashtable)[pri:0, instance:TestCase.formRediffmail@77847718]" name="FillingFormRediffmail" duration-ms="8586" started-at="2021-07-13T11:37:57 IST" data-provider="formData" finished-at="2021-07-13T11:38:06 IST">
          <params>
            <param index="0">
              <value>
                <![CDATA[{PNumber=45678, MName=Jenny, RID=SamMendes2412, FName=Sam Mendes, Rpwd=test@5678, Pwd=test@5678, SQues=Reading, Browser=Edge}]]>
              </value>
            </param>
          </params>
          <reporter-output>
          </reporter-output>
        </test-method> <!-- FillingFormRediffmail -->
        <test-method status="PASS" signature="tearDown(org.testng.ITestResult)[pri:0, instance:TestCase.formRediffmail@77847718]" name="tearDown" is-config="true" duration-ms="933" started-at="2021-07-13T11:38:06 IST" finished-at="2021-07-13T11:38:07 IST">
          <params>
            <param index="0">
              <value>
                <![CDATA[[TestResult name=FillingFormRediffmail status=SUCCESS method=formRediffmail.FillingFormRediffmail(java.util.Hashtable)[pri:0, instance:TestCase.formRediffmail@77847718] output={null}]]]>
              </value>
            </param>
          </params>
          <reporter-output>
          </reporter-output>
        </test-method> <!-- tearDown -->
      </class> <!-- TestCase.formRediffmail -->
    </test> <!-- Rediffmail Form Test Case -->
    <test name="Rediffmail Compose Email Test Case" duration-ms="34752" started-at="2021-07-13T11:38:07 IST" finished-at="2021-07-13T11:38:41 IST">
      <class name="TestCase.SendingMailRediff">
        <test-method status="FAIL" signature="SendingEmailRediff(java.util.Hashtable)[pri:0, instance:TestCase.SendingMailRediff@639c2c1d]" name="SendingEmailRediff" duration-ms="15254" started-at="2021-07-13T11:38:07 IST" data-provider="sendMailData" finished-at="2021-07-13T11:38:22 IST">
          <params>
            <param index="0">
              <value>
                <![CDATA[{CField=Test Mail Sent, Pwd=test@1234, UName=selenium.testmay2017, TField=kaushik.aryaan@gmail.com, SField=Test Mail, Browser=Chrome}]]>
              </value>
            </param>
          </params>
          <exception class="java.lang.AssertionError">
            <message>
              <![CDATA[Text verification failed for for the text Logout expected [Logou] but found [Logout]]]>
            </message>
            <full-stacktrace>
              <![CDATA[java.lang.AssertionError: Text verification failed for for the text Logout expected [Logou] but found [Logout]
at org.testng.Assert.fail(Assert.java:99)
at org.testng.Assert.failNotEquals(Assert.java:1037)
at org.testng.Assert.assertEqualsImpl(Assert.java:140)
at org.testng.Assert.assertEquals(Assert.java:122)
at org.testng.Assert.assertEquals(Assert.java:629)
at Utilities.Utils.AssertText(Utils.java:529)
at TestCase.SendingMailRediff.SendingEmailRediff(SendingMailRediff.java:245)
at sun.reflect.NativeMethodAccessorImpl.invoke0(Native Method)
at sun.reflect.NativeMethodAccessorImpl.invoke(Unknown Source)
at sun.reflect.DelegatingMethodAccessorImpl.invoke(Unknown Source)
at java.lang.reflect.Method.invoke(Unknown Source)
at org.testng.internal.MethodInvocationHelper.invokeMethod(MethodInvocationHelper.java:133)
at org.testng.internal.TestInvoker.invokeMethod(TestInvoker.java:598)
at org.testng.internal.TestInvoker.invokeTestMethod(TestInvoker.java:173)
at org.testng.internal.MethodRunner.runInSequence(MethodRunner.java:46)
at org.testng.internal.TestInvoker$MethodInvocationAgent.invoke(TestInvoker.java:824)
at org.testng.internal.TestInvoker.invokeTestMethods(TestInvoker.java:146)
at org.testng.internal.TestMethodWorker.invokeTestMethods(TestMethodWorker.java:146)
at org.testng.internal.TestMethodWorker.run(TestMethodWorker.java:128)
at java.util.ArrayList.forEach(Unknown Source)
at org.testng.TestRunner.privateRun(TestRunner.java:794)
at org.testng.TestRunner.run(TestRunner.java:596)
at org.testng.SuiteRunner.runTest(SuiteRunner.java:377)
at org.testng.SuiteRunner.runSequentially(SuiteRunner.java:371)
at org.testng.SuiteRunner.privateRun(SuiteRunner.java:332)
at org.testng.SuiteRunner.run(SuiteRunner.java:276)
at org.testng.SuiteRunnerWorker.runSuite(SuiteRunnerWorker.java:53)
at org.testng.SuiteRunnerWorker.run(SuiteRunnerWorker.java:96)
at org.testng.TestNG.runSuitesSequentially(TestNG.java:1212)
at org.testng.TestNG.runSuitesLocally(TestNG.java:1134)
at org.testng.TestNG.runSuites(TestNG.java:1063)
at org.testng.TestNG.run(TestNG.java:1031)
at org.testng.remote.AbstractRemoteTestNG.run(AbstractRemoteTestNG.java:115)
at org.testng.remote.RemoteTestNG.initAndRun(RemoteTestNG.java:251)
at org.testng.remote.RemoteTestNG.main(RemoteTestNG.java:77)
]]>
            </full-stacktrace>
          </exception> <!-- java.lang.AssertionError -->
          <reporter-output>
          </reporter-output>
        </test-method> <!-- SendingEmailRediff -->
        <test-method status="PASS" signature="tearDown(org.testng.ITestResult)[pri:0, instance:TestCase.SendingMailRediff@639c2c1d]" name="tearDown" is-config="true" duration-ms="953" started-at="2021-07-13T11:38:22 IST" finished-at="2021-07-13T11:38:23 IST">
          <params>
            <param index="0">
              <value>
                <![CDATA[[TestResult name=SendingEmailRediff status=FAILURE method=SendingMailRediff.SendingEmailRediff(java.util.Hashtable)[pri:0, instance:TestCase.SendingMailRediff@639c2c1d] output={null}]]]>
              </value>
            </param>
          </params>
          <reporter-output>
          </reporter-output>
        </test-method> <!-- tearDown -->
        <test-method status="FAIL" signature="SendingEmailRediff(java.util.Hashtable)[pri:0, instance:TestCase.SendingMailRediff@639c2c1d]" name="SendingEmailRediff" duration-ms="17369" started-at="2021-07-13T11:38:23 IST" data-provider="sendMailData" finished-at="2021-07-13T11:38:40 IST">
          <params>
            <param index="0">
              <value>
                <![CDATA[{CField=Development Mail Sent, Pwd=test@1234, UName=selenium.testmay2017, TField=arundhoti.mukherjee@gmail.com, SField=Development Mail, Browser=Edge}]]>
              </value>
            </param>
          </params>
          <exception class="java.lang.AssertionError">
            <message>
              <![CDATA[Text verification failed for for the text Logout expected [Logou] but found [Logout]]]>
            </message>
            <full-stacktrace>
              <![CDATA[java.lang.AssertionError: Text verification failed for for the text Logout expected [Logou] but found [Logout]
at org.testng.Assert.fail(Assert.java:99)
at org.testng.Assert.failNotEquals(Assert.java:1037)
at org.testng.Assert.assertEqualsImpl(Assert.java:140)
at org.testng.Assert.assertEquals(Assert.java:122)
at org.testng.Assert.assertEquals(Assert.java:629)
at Utilities.Utils.AssertText(Utils.java:529)
at TestCase.SendingMailRediff.SendingEmailRediff(SendingMailRediff.java:245)
at sun.reflect.NativeMethodAccessorImpl.invoke0(Native Method)
at sun.reflect.NativeMethodAccessorImpl.invoke(Unknown Source)
at sun.reflect.DelegatingMethodAccessorImpl.invoke(Unknown Source)
at java.lang.reflect.Method.invoke(Unknown Source)
at org.testng.internal.MethodInvocationHelper.invokeMethod(MethodInvocationHelper.java:133)
at org.testng.internal.TestInvoker.invokeMethod(TestInvoker.java:598)
at org.testng.internal.TestInvoker.invokeTestMethod(TestInvoker.java:173)
at org.testng.internal.MethodRunner.runInSequence(MethodRunner.java:46)
at org.testng.internal.TestInvoker$MethodInvocationAgent.invoke(TestInvoker.java:824)
at org.testng.internal.TestInvoker.invokeTestMethods(TestInvoker.java:146)
at org.testng.internal.TestMethodWorker.invokeTestMethods(TestMethodWorker.java:146)
at org.testng.internal.TestMethodWorker.run(TestMethodWorker.java:128)
at java.util.ArrayList.forEach(Unknown Source)
at org.testng.TestRunner.privateRun(TestRunner.java:794)
at org.testng.TestRunner.run(TestRunner.java:596)
at org.testng.SuiteRunner.runTest(SuiteRunner.java:377)
at org.testng.SuiteRunner.runSequentially(SuiteRunner.java:371)
at org.testng.SuiteRunner.privateRun(SuiteRunner.java:332)
at org.testng.SuiteRunner.run(SuiteRunner.java:276)
at org.testng.SuiteRunnerWorker.runSuite(SuiteRunnerWorker.java:53)
at org.testng.SuiteRunnerWorker.run(SuiteRunnerWorker.java:96)
at org.testng.TestNG.runSuitesSequentially(TestNG.java:1212)
at org.testng.TestNG.runSuitesLocally(TestNG.java:1134)
at org.testng.TestNG.runSuites(TestNG.java:1063)
at org.testng.TestNG.run(TestNG.java:1031)
at org.testng.remote.AbstractRemoteTestNG.run(AbstractRemoteTestNG.java:115)
at org.testng.remote.RemoteTestNG.initAndRun(RemoteTestNG.java:251)
at org.testng.remote.RemoteTestNG.main(RemoteTestNG.java:77)
]]>
            </full-stacktrace>
          </exception> <!-- java.lang.AssertionError -->
          <reporter-output>
          </reporter-output>
        </test-method> <!-- SendingEmailRediff -->
        <test-method status="PASS" signature="tearDown(org.testng.ITestResult)[pri:0, instance:TestCase.SendingMailRediff@639c2c1d]" name="tearDown" is-config="true" duration-ms="1170" started-at="2021-07-13T11:38:40 IST" finished-at="2021-07-13T11:38:41 IST">
          <params>
            <param index="0">
              <value>
                <![CDATA[[TestResult name=SendingEmailRediff status=FAILURE method=SendingMailRediff.SendingEmailRediff(java.util.Hashtable)[pri:0, instance:TestCase.SendingMailRediff@639c2c1d] output={null}]]]>
              </value>
            </param>
          </params>
          <reporter-output>
          </reporter-output>
        </test-method> <!-- tearDown -->
      </class> <!-- TestCase.SendingMailRediff -->
    </test> <!-- Rediffmail Compose Email Test Case -->
  </suite> <!-- Assertion Class Suite - Rediffmail -->
</testng-results>
