<?xml version="1.0" encoding="UTF-8"?>
<testng-results skipped="0" failed="1" ignored="0" total="4" passed="3">
  <reporter-output>
  </reporter-output>
  <suite name="Suite 2" duration-ms="18" started-at="2021-07-09T17:27:45 IST" finished-at="2021-07-09T17:27:45 IST">
    <groups>
    </groups>
    <test name="Suite2 Test Case" duration-ms="18" started-at="2021-07-09T17:27:45 IST" finished-at="2021-07-09T17:27:45 IST">
      <class name="Pac2.Example2">
        <test-method status="FAIL" signature="test3()[pri:0, instance:Pac2.Example2@80503]" name="test3" duration-ms="6" started-at="2021-07-09T17:27:45 IST" finished-at="2021-07-09T17:27:45 IST">
          <exception class="java.lang.AssertionError">
            <message>
              <![CDATA[expected [false] but found [true]]]>
            </message>
            <full-stacktrace>
              <![CDATA[java.lang.AssertionError: expected [false] but found [true]
at org.testng.Assert.fail(Assert.java:99)
at org.testng.Assert.failNotEquals(Assert.java:1037)
at org.testng.Assert.assertEqualsImpl(Assert.java:140)
at org.testng.Assert.assertEquals(Assert.java:122)
at org.testng.Assert.assertEquals(Assert.java:819)
at org.testng.Assert.assertEquals(Assert.java:829)
at Pac2.Example2.test3(Example2.java:12)
at sun.reflect.NativeMethodAccessorImpl.invoke0(Native Method)
at sun.reflect.NativeMethodAccessorImpl.invoke(Unknown Source)
at sun.reflect.DelegatingMethodAccessorImpl.invoke(Unknown Source)
at java.lang.reflect.Method.invoke(Unknown Source)
at org.testng.internal.MethodInvocationHelper.invokeMethod(MethodInvocationHelper.java:133)
at org.testng.internal.TestInvoker.invokeMethod(TestInvoker.java:598)
at org.testng.internal.TestInvoker.invokeTestMethod(TestInvoker.java:173)
at org.testng.internal.MethodRunner.runInSequence(MethodRunner.java:46)
at org.testng.internal.TestInvoker$MethodInvocationAgent.invoke(TestInvoker.java:824)
at org.testng.internal.TestInvoker.invokeTestMethods(TestInvoker.java:146)
at org.testng.internal.TestMethodWorker.invokeTestMethods(TestMethodWorker.java:146)
at org.testng.internal.TestMethodWorker.run(TestMethodWorker.java:128)
at java.util.ArrayList.forEach(Unknown Source)
at org.testng.TestRunner.privateRun(TestRunner.java:794)
at org.testng.TestRunner.run(TestRunner.java:596)
at org.testng.SuiteRunner.runTest(SuiteRunner.java:377)
at org.testng.SuiteRunner.runSequentially(SuiteRunner.java:371)
at org.testng.SuiteRunner.privateRun(SuiteRunner.java:332)
at org.testng.SuiteRunner.run(SuiteRunner.java:276)
at org.testng.SuiteRunnerWorker.runSuite(SuiteRunnerWorker.java:53)
at org.testng.SuiteRunnerWorker.run(SuiteRunnerWorker.java:96)
at org.testng.TestNG.runSuitesSequentially(TestNG.java:1212)
at org.testng.TestNG.runSuitesSequentially(TestNG.java:1207)
at org.testng.TestNG.runSuitesLocally(TestNG.java:1134)
at org.testng.TestNG.runSuites(TestNG.java:1063)
at org.testng.TestNG.run(TestNG.java:1031)
at org.testng.remote.AbstractRemoteTestNG.run(AbstractRemoteTestNG.java:115)
at org.testng.remote.RemoteTestNG.initAndRun(RemoteTestNG.java:251)
at org.testng.remote.RemoteTestNG.main(RemoteTestNG.java:77)
]]>
            </full-stacktrace>
          </exception> <!-- java.lang.AssertionError -->
          <reporter-output>
          </reporter-output>
        </test-method> <!-- test3 -->
        <test-method status="PASS" signature="test4()[pri:0, instance:Pac2.Example2@80503]" name="test4" duration-ms="2" started-at="2021-07-09T17:27:45 IST" finished-at="2021-07-09T17:27:45 IST">
          <reporter-output>
          </reporter-output>
        </test-method> <!-- test4 -->
      </class> <!-- Pac2.Example2 -->
    </test> <!-- Suite2 Test Case -->
  </suite> <!-- Suite 2 -->
  <suite name="Multi Suite - Parent" duration-ms="0" started-at="2021-07-09T17:27:45 IST" finished-at="2021-07-09T17:27:45 IST">
    <groups>
    </groups>
  </suite> <!-- Multi Suite - Parent -->
  <suite name="Suite 1" duration-ms="52" started-at="2021-07-09T17:27:45 IST" finished-at="2021-07-09T17:27:45 IST">
    <groups>
    </groups>
    <test name="Suite1 Test Case" duration-ms="52" started-at="2021-07-09T17:27:45 IST" finished-at="2021-07-09T17:27:45 IST">
      <class name="Pac1.Example1">
        <test-method status="PASS" signature="test1()[pri:0, instance:Pac1.Example1@67205a84]" name="test1" duration-ms="9" started-at="2021-07-09T17:27:45 IST" finished-at="2021-07-09T17:27:45 IST">
          <reporter-output>
          </reporter-output>
        </test-method> <!-- test1 -->
        <test-method status="PASS" signature="test2()[pri:0, instance:Pac1.Example1@67205a84]" name="test2" duration-ms="1" started-at="2021-07-09T17:27:45 IST" finished-at="2021-07-09T17:27:45 IST">
          <reporter-output>
          </reporter-output>
        </test-method> <!-- test2 -->
      </class> <!-- Pac1.Example1 -->
    </test> <!-- Suite1 Test Case -->
  </suite> <!-- Suite 1 -->
</testng-results>
